[INFO] Scanning for projects...
[INFO] 
[INFO] --------------------------< com.example:demo >--------------------------
[INFO] Building website 0.0.1-SNAPSHOT
[INFO]   from pom.xml
[INFO] --------------------------------[ jar ]---------------------------------
[INFO] 
[INFO] >>> spring-boot:3.3.5:run (default-cli) > test-compile @ demo >>>
[INFO] 
[INFO] --- resources:3.3.1:resources (default-resources) @ demo ---
[INFO] Copying 1 resource from src/main/resources to target/classes
[INFO] Copying 4 resources from src/main/resources to target/classes
[INFO] 
[INFO] --- compiler:3.13.0:compile (default-compile) @ demo ---
[INFO] Nothing to compile - all classes are up to date.
[INFO] 
[INFO] --- resources:3.3.1:testResources (default-testResources) @ demo ---
[INFO] skip non existing resourceDirectory /workspaces/Lab-7/src/test/resources
[INFO] 
[INFO] --- compiler:3.13.0:testCompile (default-testCompile) @ demo ---
[INFO] Recompiling the module because of changed source code.
[INFO] Compiling 3 source files with javac [debug parameters release 17] to target/test-classes
[INFO] Annotation processing is enabled because one or more processors were found
  on the class path. A future release of javac may disable annotation processing
  unless at least one processor is specified by name (-processor), or a search
  path is specified (--processor-path, --processor-module-path), or annotation
  processing is enabled explicitly (-proc:only, -proc:full).
  Use -Xlint:-options to suppress this message.
  Use -proc:none to disable annotation processing.
[INFO] 
[INFO] <<< spring-boot:3.3.5:run (default-cli) < test-compile @ demo <<<
[INFO] 
[INFO] 
[INFO] --- spring-boot:3.3.5:run (default-cli) @ demo ---
[INFO] Attaching agents: []

  .   ____          _            __ _ _
 /\\ / ___'_ __ _ _(_)_ __  __ _ \ \ \ \
( ( )\___ | '_ | '_| | '_ \/ _` | \ \ \ \
 \\/  ___)| |_)| | | | | || (_| |  ) ) ) )
  '  |____| .__|_| |_|_| |_\__, | / / / /
 =========|_|==============|___/=/_/_/_/

 :: Spring Boot ::                (v3.3.5)

2025-11-12T02:48:06.777Z  INFO 37956 --- [website] [           main] com.example.demo.WebsiteApplication      : Starting WebsiteApplication using Java 21.0.7 with PID 37956 (/workspaces/Lab-7/target/classes started by codespace in /workspaces/Lab-7)
2025-11-12T02:48:06.782Z  INFO 37956 --- [website] [           main] com.example.demo.WebsiteApplication      : No active profile set, falling back to 1 default profile: "default"
2025-11-12T02:48:07.657Z  INFO 37956 --- [website] [           main] o.s.b.w.embedded.tomcat.TomcatWebServer  : Tomcat initialized with port 8080 (http)
2025-11-12T02:48:07.671Z  INFO 37956 --- [website] [           main] o.apache.catalina.core.StandardService   : Starting service [Tomcat]
2025-11-12T02:48:07.672Z  INFO 37956 --- [website] [           main] o.apache.catalina.core.StandardEngine    : Starting Servlet engine: [Apache Tomcat/10.1.31]
2025-11-12T02:48:07.710Z  INFO 37956 --- [website] [           main] o.a.c.c.C.[Tomcat].[localhost].[/]       : Initializing Spring embedded WebApplicationContext
2025-11-12T02:48:07.711Z  INFO 37956 --- [website] [           main] w.s.c.ServletWebServerApplicationContext : Root WebApplicationContext: initialization completed in 826 ms
2025-11-12T02:48:08.021Z  WARN 37956 --- [website] [           main] ConfigServletWebServerApplicationContext : Exception encountered during context initialization - cancelling refresh attempt: org.springframework.context.ApplicationContextException: Failed to start bean 'webServerStartStop'
2025-11-12T02:48:08.037Z  INFO 37956 --- [website] [         2025-11-12T02:48:14.779Z  INFO 37826 --- [website] [0.0-8080-exec-1] o.a.c.c.C.[Tomcat].[localhost].[/]       : Initializing Spring DispatcherServlet 'dispatcherServlet'
2025-11-12T02:48:14.779Z  INFO 37826 --- [website] [0.0-8080-exec-1] o.s.web.servlet.DispatcherServlet        : Initializing Servlet 'dispatcherServlet'
2025-11-12T02:48:14.780Z  INFO 37826 --- [website] [0.0-8080-exec-1] o.s.web.servlet.DispatcherServlet        : Completed initialization in 1 ms
Session ID: 42352BA41B871AB1A412FCCF0C2654C3 Count is 0
Session ID: 42352BA41B871AB1A412FCCF0C2654C3 Count is 0
Session ID: 42352BA41B871AB1A412FCCF0C2654C3 The answer is true
Correct!
Session ID: 42352BA41B871AB1A412FCCF0C2654C3 The answer is false
Correct!
Session ID: B881099900B51C45989921A460608203 Count is 0
Session ID: B881099900B51C45989921A460608203 Count is 0
Session ID: B881099900B51C45989921A460608203 Count is 0
Session ID: B881099900B51C45989921A460608203 The answer is true
Correct!
Session ID: B881099900B51C45989921A460608203 The answer is false
Correct!
Session ID: B881099900B51C45989921A460608203 Count is 2
Session ID: B881099900B51C45989921A460608203 Count is 2
Session ID: B881099900B51C45989921A460608203 Count is 2
Session ID: B881099900B51C45989921A460608203 Count is 2
Session ID: 83D05E6DA7D050ACFB8D1D7DC90FD213 Count is 0
Session ID: 83D05E6DA7D050ACFB8D1D7DC90FD213 The answer is false
Wrong!
[INFO] ------------------------------------------------------------------------
[INFO] BUILD FAILURE
[INFO] ------------------------------------------------------------------------
[INFO] Total time:  11:51 min
[INFO] Finished at: 2025-11-12T02:59:45Z
[INFO] ------------------------------------------------------------------------
[ERROR] Failed to execute goal org.springframework.boot:spring-boot-maven-plugin:3.3.5:run (default-cli) on project demo: Process terminated with exit code: 143 -> [Help 1]
[ERROR] 
[ERROR] To see the full stack trace of the errors, re-run Maven with the -e switch.
[ERROR] Re-run Maven using the -X switch to enable full debug logging.
[ERROR] 
[ERROR] For more information about the errors and possible solutions, please read the following articles:
[ERROR] [Help 1] http://cwiki.apache.org/confluence/display/MAVEN/MojoExecutionException
